빌드 시작: 2025-01-14 오후 5:40:16
     1>2 노드의 "c:\Users\DIT-983\documents\visual studio 2010\Projects\CreateDemo\CreateDemo\CreateDemo.vcxproj" 프로젝트(build 대상)입니다.
     1>InitializeBuildStatus:
         "AlwaysCreate"이(가) 지정되었기 때문에 "Debug\CreateDemo.unsuccessfulbuild"을(를) 만들고 있습니다.
       ClCompile:
         모든 출력이 최신 상태입니다.
         C:\Program Files (x86)\Microsoft Visual Studio 10.0\VC\bin\CL.exe /c /ZI /nologo /W3 /WX- /Od /Oy- /D WIN32 /D _WINDOWS /D _DEBUG /D _UNICODE /D UNICODE /D _AFXDLL /Gm /EHsc /RTC1 /MDd /GS /fp:precise /Zc:wchar_t /Zc:forScope /Yu"StdAfx.h" /Fp"Debug\CreateDemo.pch" /Fo"Debug\\" /Fd"Debug\vc100.pdb" /Gd /TP /analyze- /errorReport:prompt CreateDemoView.cpp
         CreateDemoView.cpp
       ResourceCompile:
         모든 출력이 최신 상태입니다.
       ManifestResourceCompile:
         모든 출력이 최신 상태입니다.
       Link:
         C:\Program Files (x86)\Microsoft Visual Studio 10.0\VC\bin\link.exe /ERRORREPORT:PROMPT /OUT:"c:\users\dit-983\documents\visual studio 2010\Projects\CreateDemo\Debug\CreateDemo.exe" /INCREMENTAL /NOLOGO /MANIFEST /ManifestFile:"Debug\CreateDemo.exe.intermediate.manifest" /MANIFESTUAC:"level='asInvoker' uiAccess='false'" /DEBUG /PDB:"c:\users\dit-983\documents\visual studio 2010\Projects\CreateDemo\Debug\CreateDemo.pdb" /SUBSYSTEM:WINDOWS /TLBID:1 /ENTRY:"wWinMainCRTStartup" /DYNAMICBASE /NXCOMPAT /IMPLIB:"c:\users\dit-983\documents\visual studio 2010\Projects\CreateDemo\Debug\CreateDemo.lib" /MACHINE:X86 Debug\CreateDemo.res
         Debug\CreateDemo.exe.embed.manifest.res
         Debug\CreateDemo.obj
         Debug\CreateDemoDoc.obj
         Debug\CreateDemoView.obj
         Debug\MainFrm.obj
         Debug\stdafx.obj
       Manifest:
         C:\Program Files (x86)\Microsoft SDKs\Windows\v7.0A\bin\mt.exe /nologo /verbose /out:"Debug\CreateDemo.exe.embed.manifest" /manifest Debug\CreateDemo.exe.intermediate.manifest "C:\Program Files (x86)\Microsoft Visual Studio 10.0\VC\Include\Manifest\dpiaware.manifest"
         모든 출력이 최신 상태입니다.
       LinkEmbedManifest:
         모든 출력이 최신 상태입니다.
         CreateDemo.vcxproj -> c:\users\dit-983\documents\visual studio 2010\Projects\CreateDemo\Debug\CreateDemo.exe
       FinalizeBuildStatus:
         "Debug\CreateDemo.unsuccessfulbuild" 파일을 삭제하고 있습니다.
         "Debug\CreateDemo.lastbuildstate"에 연결(touching)하고 있습니다.
     1>"c:\Users\DIT-983\documents\visual studio 2010\Projects\CreateDemo\CreateDemo\CreateDemo.vcxproj" 프로젝트를 빌드했습니다(build 대상).

빌드했습니다.

경과 시간: 00:00:00.58
