C:\USERS\DIT-983\DOCUMENTS\VISUAL STUDIO 2010\PROJECTS\HELLOWORLD\DEBUG\PSY.EXE
C:\USERS\DIT-983\DOCUMENTS\VISUAL STUDIO 2010\PROJECTS\HELLOWORLD\DEBUG\PSY.ILK
C:\USERS\DIT-983\DOCUMENTS\VISUAL STUDIO 2010\PROJECTS\HELLOWORLD\DEBUG\PSY.PDB
c:\Users\DIT-983\documents\visual studio 2010\Projects\HelloWorld\PSY\Debug\cl.command.1.tlog
c:\Users\DIT-983\documents\visual studio 2010\Projects\HelloWorld\PSY\Debug\CL.read.1.tlog
c:\Users\DIT-983\documents\visual studio 2010\Projects\HelloWorld\PSY\Debug\CL.write.1.tlog
c:\Users\DIT-983\documents\visual studio 2010\Projects\HelloWorld\PSY\Debug\link.command.1.tlog
c:\Users\DIT-983\documents\visual studio 2010\Projects\HelloWorld\PSY\Debug\link.read.1.tlog
c:\Users\DIT-983\documents\visual studio 2010\Projects\HelloWorld\PSY\Debug\link.write.1.tlog
c:\Users\DIT-983\documents\visual studio 2010\Projects\HelloWorld\PSY\Debug\link-cvtres.read.1.tlog
c:\Users\DIT-983\documents\visual studio 2010\Projects\HelloWorld\PSY\Debug\link-cvtres.write.1.tlog
c:\Users\DIT-983\documents\visual studio 2010\Projects\HelloWorld\PSY\Debug\mt.command.1.tlog
c:\Users\DIT-983\documents\visual studio 2010\Projects\HelloWorld\PSY\Debug\mt.read.1.tlog
c:\Users\DIT-983\documents\visual studio 2010\Projects\HelloWorld\PSY\Debug\mt.write.1.tlog
C:\USERS\DIT-983\DOCUMENTS\VISUAL STUDIO 2010\PROJECTS\HELLOWORLD\PSY\DEBUG\PSY.EXE.EMBED.MANIFEST
C:\USERS\DIT-983\DOCUMENTS\VISUAL STUDIO 2010\PROJECTS\HELLOWORLD\PSY\DEBUG\PSY.EXE.EMBED.MANIFEST.RES
C:\USERS\DIT-983\DOCUMENTS\VISUAL STUDIO 2010\PROJECTS\HELLOWORLD\PSY\DEBUG\PSY.EXE.INTERMEDIATE.MANIFEST
C:\USERS\DIT-983\DOCUMENTS\VISUAL STUDIO 2010\PROJECTS\HELLOWORLD\PSY\DEBUG\PSY.OBJ
C:\USERS\DIT-983\DOCUMENTS\VISUAL STUDIO 2010\PROJECTS\HELLOWORLD\PSY\DEBUG\PSY.PCH
C:\USERS\DIT-983\DOCUMENTS\VISUAL STUDIO 2010\PROJECTS\HELLOWORLD\PSY\DEBUG\PSY.RES
c:\Users\DIT-983\documents\visual studio 2010\Projects\HelloWorld\PSY\Debug\PSY.vcxprojResolveAssemblyReference.cache
c:\Users\DIT-983\documents\visual studio 2010\Projects\HelloWorld\PSY\Debug\PSY.write.1.tlog
c:\Users\DIT-983\documents\visual studio 2010\Projects\HelloWorld\PSY\Debug\PSY_manifest.rc
c:\Users\DIT-983\documents\visual studio 2010\Projects\HelloWorld\PSY\Debug\rc.command.1.tlog
c:\Users\DIT-983\documents\visual studio 2010\Projects\HelloWorld\PSY\Debug\rc.read.1.tlog
c:\Users\DIT-983\documents\visual studio 2010\Projects\HelloWorld\PSY\Debug\rc.write.1.tlog
C:\USERS\DIT-983\DOCUMENTS\VISUAL STUDIO 2010\PROJECTS\HELLOWORLD\PSY\DEBUG\STDAFX.OBJ
c:\Users\DIT-983\documents\visual studio 2010\Projects\HelloWorld\PSY\Debug\vc100.idb
C:\USERS\DIT-983\DOCUMENTS\VISUAL STUDIO 2010\PROJECTS\HELLOWORLD\PSY\DEBUG\VC100.PDB
