빌드 시작: 2025-01-15 오전 10:49:45
     1>2 노드의 "c:\Users\DIT-983\documents\visual studio 2010\Projects\HelloSdi\HelloSdi\HelloSdi.vcxproj" 프로젝트(build 대상)입니다.
     1>InitializeBuildStatus:
         "AlwaysCreate"이(가) 지정되었기 때문에 "Debug\HelloSdi.unsuccessfulbuild"을(를) 만들고 있습니다.
       ClCompile:
         모든 출력이 최신 상태입니다.
         C:\Program Files (x86)\Microsoft Visual Studio 10.0\VC\bin\CL.exe /c /ZI /nologo /W3 /WX- /Od /Oy- /D WIN32 /D _WINDOWS /D _DEBUG /D _MBCS /D _AFXDLL /Gm /EHsc /RTC1 /MDd /GS /fp:precise /Zc:wchar_t /Zc:forScope /Yu"StdAfx.h" /Fp"Debug\HelloSdi.pch" /Fo"Debug\\" /Fd"Debug\vc100.pdb" /Gd /TP /analyze- /errorReport:prompt HelloSdi.cpp
         HelloSdi.cpp
     1>c:\users\dit-983\documents\visual studio 2010\projects\hellosdi\hellosdi\hellosdi.cpp(148): warning C4996: 'strcpy': This function or variable may be unsafe. Consider using strcpy_s instead. To disable deprecation, use _CRT_SECURE_NO_WARNINGS. See online help for details.
                 c:\program files (x86)\microsoft visual studio 10.0\vc\include\string.h(105) : 'strcpy' 선언을 참조하십시오.
       ResourceCompile:
         모든 출력이 최신 상태입니다.
       ManifestResourceCompile:
         모든 출력이 최신 상태입니다.
       Link:
         C:\Program Files (x86)\Microsoft Visual Studio 10.0\VC\bin\link.exe /ERRORREPORT:PROMPT /OUT:"c:\users\dit-983\documents\visual studio 2010\Projects\HelloSdi\Debug\HelloSdi.exe" /INCREMENTAL /NOLOGO /MANIFEST /ManifestFile:"Debug\HelloSdi.exe.intermediate.manifest" /MANIFESTUAC:"level='asInvoker' uiAccess='false'" /DEBUG /PDB:"c:\users\dit-983\documents\visual studio 2010\Projects\HelloSdi\Debug\HelloSdi.pdb" /SUBSYSTEM:WINDOWS /TLBID:1 /DYNAMICBASE /NXCOMPAT /IMPLIB:"c:\users\dit-983\documents\visual studio 2010\Projects\HelloSdi\Debug\HelloSdi.lib" /MACHINE:X86 Debug\HelloSdi.res
         Debug\HelloSdi.exe.embed.manifest.res
         Debug\HelloSdi.obj
         Debug\HelloSdiDoc.obj
         Debug\HelloSdiView.obj
         Debug\MainFrm.obj
         Debug\stdafx.obj
       Manifest:
         C:\Program Files (x86)\Microsoft SDKs\Windows\v7.0A\bin\mt.exe /nologo /verbose /out:"Debug\HelloSdi.exe.embed.manifest" /manifest Debug\HelloSdi.exe.intermediate.manifest "C:\Program Files (x86)\Microsoft Visual Studio 10.0\VC\Include\Manifest\dpiaware.manifest"
         모든 출력이 최신 상태입니다.
       LinkEmbedManifest:
         모든 출력이 최신 상태입니다.
         HelloSdi.vcxproj -> c:\users\dit-983\documents\visual studio 2010\Projects\HelloSdi\Debug\HelloSdi.exe
       FinalizeBuildStatus:
         "Debug\HelloSdi.unsuccessfulbuild" 파일을 삭제하고 있습니다.
         "Debug\HelloSdi.lastbuildstate"에 연결(touching)하고 있습니다.
     1>"c:\Users\DIT-983\documents\visual studio 2010\Projects\HelloSdi\HelloSdi\HelloSdi.vcxproj" 프로젝트를 빌드했습니다(build 대상).

빌드했습니다.

경과 시간: 00:00:00.60
