C:\USERS\DIT-983\DOCUMENTS\VISUAL STUDIO 2010\PROJECTS\SWITCHVIEWDEMO2\DEBUG\SWITCHVIEWDEMO2.EXE
C:\USERS\DIT-983\DOCUMENTS\VISUAL STUDIO 2010\PROJECTS\SWITCHVIEWDEMO2\DEBUG\SWITCHVIEWDEMO2.ILK
C:\USERS\DIT-983\DOCUMENTS\VISUAL STUDIO 2010\PROJECTS\SWITCHVIEWDEMO2\DEBUG\SWITCHVIEWDEMO2.PDB
c:\Users\DIT-983\documents\visual studio 2010\Projects\SwitchViewDemo2\SwitchViewDemo2\Debug\cl.command.1.tlog
c:\Users\DIT-983\documents\visual studio 2010\Projects\SwitchViewDemo2\SwitchViewDemo2\Debug\CL.read.1.tlog
c:\Users\DIT-983\documents\visual studio 2010\Projects\SwitchViewDemo2\SwitchViewDemo2\Debug\CL.write.1.tlog
c:\Users\DIT-983\documents\visual studio 2010\Projects\SwitchViewDemo2\SwitchViewDemo2\Debug\link.command.1.tlog
c:\Users\DIT-983\documents\visual studio 2010\Projects\SwitchViewDemo2\SwitchViewDemo2\Debug\link.read.1.tlog
c:\Users\DIT-983\documents\visual studio 2010\Projects\SwitchViewDemo2\SwitchViewDemo2\Debug\link.write.1.tlog
c:\Users\DIT-983\documents\visual studio 2010\Projects\SwitchViewDemo2\SwitchViewDemo2\Debug\link-cvtres.read.1.tlog
c:\Users\DIT-983\documents\visual studio 2010\Projects\SwitchViewDemo2\SwitchViewDemo2\Debug\link-cvtres.write.1.tlog
C:\USERS\DIT-983\DOCUMENTS\VISUAL STUDIO 2010\PROJECTS\SWITCHVIEWDEMO2\SWITCHVIEWDEMO2\DEBUG\MAINFRM.OBJ
c:\Users\DIT-983\documents\visual studio 2010\Projects\SwitchViewDemo2\SwitchViewDemo2\Debug\mt.command.1.tlog
c:\Users\DIT-983\documents\visual studio 2010\Projects\SwitchViewDemo2\SwitchViewDemo2\Debug\mt.read.1.tlog
c:\Users\DIT-983\documents\visual studio 2010\Projects\SwitchViewDemo2\SwitchViewDemo2\Debug\mt.write.1.tlog
C:\USERS\DIT-983\DOCUMENTS\VISUAL STUDIO 2010\PROJECTS\SWITCHVIEWDEMO2\SWITCHVIEWDEMO2\DEBUG\MYEDITVIEW.OBJ
C:\USERS\DIT-983\DOCUMENTS\VISUAL STUDIO 2010\PROJECTS\SWITCHVIEWDEMO2\SWITCHVIEWDEMO2\DEBUG\MYHTMLVIEW.OBJ
C:\USERS\DIT-983\DOCUMENTS\VISUAL STUDIO 2010\PROJECTS\SWITCHVIEWDEMO2\SWITCHVIEWDEMO2\DEBUG\MYLISTVIEW.OBJ
c:\Users\DIT-983\documents\visual studio 2010\Projects\SwitchViewDemo2\SwitchViewDemo2\Debug\rc.command.1.tlog
c:\Users\DIT-983\documents\visual studio 2010\Projects\SwitchViewDemo2\SwitchViewDemo2\Debug\rc.read.1.tlog
c:\Users\DIT-983\documents\visual studio 2010\Projects\SwitchViewDemo2\SwitchViewDemo2\Debug\rc.write.1.tlog
C:\USERS\DIT-983\DOCUMENTS\VISUAL STUDIO 2010\PROJECTS\SWITCHVIEWDEMO2\SWITCHVIEWDEMO2\DEBUG\STDAFX.OBJ
C:\USERS\DIT-983\DOCUMENTS\VISUAL STUDIO 2010\PROJECTS\SWITCHVIEWDEMO2\SWITCHVIEWDEMO2\DEBUG\SWITCHVIEWDEMO2.EXE.EMBED.MANIFEST
C:\USERS\DIT-983\DOCUMENTS\VISUAL STUDIO 2010\PROJECTS\SWITCHVIEWDEMO2\SWITCHVIEWDEMO2\DEBUG\SWITCHVIEWDEMO2.EXE.EMBED.MANIFEST.RES
C:\USERS\DIT-983\DOCUMENTS\VISUAL STUDIO 2010\PROJECTS\SWITCHVIEWDEMO2\SWITCHVIEWDEMO2\DEBUG\SWITCHVIEWDEMO2.EXE.INTERMEDIATE.MANIFEST
C:\USERS\DIT-983\DOCUMENTS\VISUAL STUDIO 2010\PROJECTS\SWITCHVIEWDEMO2\SWITCHVIEWDEMO2\DEBUG\SWITCHVIEWDEMO2.OBJ
C:\USERS\DIT-983\DOCUMENTS\VISUAL STUDIO 2010\PROJECTS\SWITCHVIEWDEMO2\SWITCHVIEWDEMO2\DEBUG\SWITCHVIEWDEMO2.PCH
C:\USERS\DIT-983\DOCUMENTS\VISUAL STUDIO 2010\PROJECTS\SWITCHVIEWDEMO2\SWITCHVIEWDEMO2\DEBUG\SWITCHVIEWDEMO2.RES
c:\Users\DIT-983\documents\visual studio 2010\Projects\SwitchViewDemo2\SwitchViewDemo2\Debug\SwitchViewDemo2.vcxprojResolveAssemblyReference.cache
c:\Users\DIT-983\documents\visual studio 2010\Projects\SwitchViewDemo2\SwitchViewDemo2\Debug\SwitchViewDemo2.write.1.tlog
c:\Users\DIT-983\documents\visual studio 2010\Projects\SwitchViewDemo2\SwitchViewDemo2\Debug\SwitchViewDemo2_manifest.rc
C:\USERS\DIT-983\DOCUMENTS\VISUAL STUDIO 2010\PROJECTS\SWITCHVIEWDEMO2\SWITCHVIEWDEMO2\DEBUG\SWITCHVIEWDEMO2DOC.OBJ
C:\USERS\DIT-983\DOCUMENTS\VISUAL STUDIO 2010\PROJECTS\SWITCHVIEWDEMO2\SWITCHVIEWDEMO2\DEBUG\SWITCHVIEWDEMO2VIEW.OBJ
c:\Users\DIT-983\documents\visual studio 2010\Projects\SwitchViewDemo2\SwitchViewDemo2\Debug\vc100.idb
C:\USERS\DIT-983\DOCUMENTS\VISUAL STUDIO 2010\PROJECTS\SWITCHVIEWDEMO2\SWITCHVIEWDEMO2\DEBUG\VC100.PDB
