빌드 시작: 2025-01-20 오후 4:06:28
     1>2 노드의 "c:\Users\DIT-983\documents\visual studio 2010\Projects\BmpDisplayDemo\BmpDisplayDemo\BmpDisplayDemo.vcxproj" 프로젝트(build 대상)입니다.
     1>InitializeBuildStatus:
         "AlwaysCreate"이(가) 지정되었기 때문에 "Debug\BmpDisplayDemo.unsuccessfulbuild"을(를) 만들고 있습니다.
       ClCompile:
         모든 출력이 최신 상태입니다.
         C:\Program Files (x86)\Microsoft Visual Studio 10.0\VC\bin\CL.exe /c /ZI /nologo /W3 /WX- /Od /Oy- /D WIN32 /D _WINDOWS /D _DEBUG /D _UNICODE /D UNICODE /D _AFXDLL /Gm /EHsc /RTC1 /MDd /GS /fp:precise /Zc:wchar_t /Zc:forScope /Yu"StdAfx.h" /Fp"Debug\BmpDisplayDemo.pch" /Fo"Debug\\" /Fd"Debug\vc100.pdb" /Gd /TP /analyze- /errorReport:prompt BmpDisplayDemoView.cpp
         BmpDisplayDemoView.cpp
       ResourceCompile:
         모든 출력이 최신 상태입니다.
       ManifestResourceCompile:
         모든 출력이 최신 상태입니다.
       Link:
         C:\Program Files (x86)\Microsoft Visual Studio 10.0\VC\bin\link.exe /ERRORREPORT:PROMPT /OUT:"c:\users\dit-983\documents\visual studio 2010\Projects\BmpDisplayDemo\Debug\BmpDisplayDemo.exe" /INCREMENTAL /NOLOGO /MANIFEST /ManifestFile:"Debug\BmpDisplayDemo.exe.intermediate.manifest" /MANIFESTUAC:"level='asInvoker' uiAccess='false'" /DEBUG /PDB:"c:\users\dit-983\documents\visual studio 2010\Projects\BmpDisplayDemo\Debug\BmpDisplayDemo.pdb" /SUBSYSTEM:WINDOWS /TLBID:1 /ENTRY:"wWinMainCRTStartup" /DYNAMICBASE /NXCOMPAT /IMPLIB:"c:\users\dit-983\documents\visual studio 2010\Projects\BmpDisplayDemo\Debug\BmpDisplayDemo.lib" /MACHINE:X86 Debug\BmpDisplayDemo.res
         Debug\BmpDisplayDemo.exe.embed.manifest.res
         Debug\BmpDisplayDemo.obj
         Debug\BmpDisplayDemoDoc.obj
         Debug\BmpDisplayDemoView.obj
         Debug\MainFrm.obj
         Debug\stdafx.obj
       Manifest:
         C:\Program Files (x86)\Microsoft SDKs\Windows\v7.0A\bin\mt.exe /nologo /verbose /out:"Debug\BmpDisplayDemo.exe.embed.manifest" /manifest Debug\BmpDisplayDemo.exe.intermediate.manifest "C:\Program Files (x86)\Microsoft Visual Studio 10.0\VC\Include\Manifest\dpiaware.manifest"
         모든 출력이 최신 상태입니다.
       LinkEmbedManifest:
         모든 출력이 최신 상태입니다.
         BmpDisplayDemo.vcxproj -> c:\users\dit-983\documents\visual studio 2010\Projects\BmpDisplayDemo\Debug\BmpDisplayDemo.exe
       FinalizeBuildStatus:
         "Debug\BmpDisplayDemo.unsuccessfulbuild" 파일을 삭제하고 있습니다.
         "Debug\BmpDisplayDemo.lastbuildstate"에 연결(touching)하고 있습니다.
     1>"c:\Users\DIT-983\documents\visual studio 2010\Projects\BmpDisplayDemo\BmpDisplayDemo\BmpDisplayDemo.vcxproj" 프로젝트를 빌드했습니다(build 대상).

빌드했습니다.

경과 시간: 00:00:00.71
