빌드 시작: 2025-01-22 오후 5:39:21
     1>2 노드의 "c:\Users\DIT-983\documents\visual studio 2010\Projects\LogonDemo\LogonDemo\LogonDemo.vcxproj" 프로젝트(build 대상)입니다.
     1>InitializeBuildStatus:
         "AlwaysCreate"이(가) 지정되었기 때문에 "Debug\LogonDemo.unsuccessfulbuild"을(를) 만들고 있습니다.
       ClCompile:
         모든 출력이 최신 상태입니다.
         C:\Program Files (x86)\Microsoft Visual Studio 10.0\VC\bin\CL.exe /c /ZI /nologo /W3 /WX- /Od /Oy- /D WIN32 /D _WINDOWS /D _DEBUG /D _UNICODE /D UNICODE /D _AFXDLL /Gm /EHsc /RTC1 /MDd /GS /fp:precise /Zc:wchar_t /Zc:forScope /Yu"StdAfx.h" /Fp"Debug\LogonDemo.pch" /Fo"Debug\\" /Fd"Debug\vc100.pdb" /Gd /TP /analyze- /errorReport:prompt LogonDemo.cpp LogonDemoDlg.cpp
         LogonDemoDlg.cpp
         코드를 생성하고 있습니다...
         컴파일하고 있습니다...
         LogonDemo.cpp
         코드를 생성하고 있습니다...
       ResourceCompile:
         C:\Program Files (x86)\Microsoft SDKs\Windows\v7.0A\bin\rc.exe /D _DEBUG /D _UNICODE /D UNICODE /D _AFXDLL /l"0x0412" /IDebug\ /nologo /fo"Debug\LogonDemo.res" LogonDemo.rc 
       ManifestResourceCompile:
         모든 출력이 최신 상태입니다.
       Link:
         C:\Program Files (x86)\Microsoft Visual Studio 10.0\VC\bin\link.exe /ERRORREPORT:PROMPT /OUT:"c:\users\dit-983\documents\visual studio 2010\Projects\LogonDemo\Debug\LogonDemo.exe" /INCREMENTAL /NOLOGO /MANIFEST /ManifestFile:"Debug\LogonDemo.exe.intermediate.manifest" /MANIFESTUAC:"level='asInvoker' uiAccess='false'" /DEBUG /PDB:"c:\users\dit-983\documents\visual studio 2010\Projects\LogonDemo\Debug\LogonDemo.pdb" /SUBSYSTEM:WINDOWS /TLBID:1 /ENTRY:"wWinMainCRTStartup" /DYNAMICBASE /NXCOMPAT /IMPLIB:"c:\users\dit-983\documents\visual studio 2010\Projects\LogonDemo\Debug\LogonDemo.lib" /MACHINE:X86 Debug\LogonDemo.res
         Debug\LogonDemo.exe.embed.manifest.res
         Debug\LogonDemo.obj
         Debug\LogonDemoDlg.obj
         Debug\stdafx.obj
       Manifest:
         C:\Program Files (x86)\Microsoft SDKs\Windows\v7.0A\bin\mt.exe /nologo /verbose /out:"Debug\LogonDemo.exe.embed.manifest" /manifest Debug\LogonDemo.exe.intermediate.manifest "C:\Program Files (x86)\Microsoft Visual Studio 10.0\VC\Include\Manifest\dpiaware.manifest"
         모든 출력이 최신 상태입니다.
       LinkEmbedManifest:
         모든 출력이 최신 상태입니다.
         LogonDemo.vcxproj -> c:\users\dit-983\documents\visual studio 2010\Projects\LogonDemo\Debug\LogonDemo.exe
       FinalizeBuildStatus:
         "Debug\LogonDemo.unsuccessfulbuild" 파일을 삭제하고 있습니다.
         "Debug\LogonDemo.lastbuildstate"에 연결(touching)하고 있습니다.
     1>"c:\Users\DIT-983\documents\visual studio 2010\Projects\LogonDemo\LogonDemo\LogonDemo.vcxproj" 프로젝트를 빌드했습니다(build 대상).

빌드했습니다.

경과 시간: 00:00:00.67
