빌드 시작: 2025-01-10 오후 2:27:58
     1>2 노드의 "c:\Users\DIT-983\documents\visual studio 2010\Projects\asdasd\asdasd\asdasd.vcxproj" 프로젝트(build 대상)입니다.
     1>PrepareForBuild:
         "c:\users\dit-983\documents\visual studio 2010\Projects\asdasd\Debug\" 디렉터리를 만들고 있습니다.
       InitializeBuildStatus:
         "AlwaysCreate"이(가) 지정되었기 때문에 "Debug\asdasd.unsuccessfulbuild"을(를) 만들고 있습니다.
       ClCompile:
         C:\Program Files (x86)\Microsoft Visual Studio 10.0\VC\bin\CL.exe /c /ZI /nologo /W3 /WX- /Od /Oy- /D _MBCS /Gm /EHsc /RTC1 /MDd /GS /fp:precise /Zc:wchar_t /Zc:forScope /Fo"Debug\\" /Fd"Debug\vc100.pdb" /Gd /TP /analyze- /errorReport:prompt ddddd.cpp
         ddddd.cpp
       Link:
         C:\Program Files (x86)\Microsoft Visual Studio 10.0\VC\bin\link.exe /ERRORREPORT:PROMPT /OUT:"c:\users\dit-983\documents\visual studio 2010\Projects\asdasd\Debug\asdasd.exe" /NOLOGO kernel32.lib user32.lib gdi32.lib winspool.lib comdlg32.lib advapi32.lib shell32.lib ole32.lib oleaut32.lib uuid.lib odbc32.lib odbccp32.lib /MANIFEST /ManifestFile:"Debug\asdasd.exe.intermediate.manifest" /MANIFESTUAC:"level='asInvoker' uiAccess='false'" /DEBUG /PDB:"c:\users\dit-983\documents\visual studio 2010\Projects\asdasd\Debug\asdasd.pdb" /TLBID:1 /DYNAMICBASE /NXCOMPAT /IMPLIB:"c:\users\dit-983\documents\visual studio 2010\Projects\asdasd\Debug\asdasd.lib" /MACHINE:X86 Debug\ddddd.obj
         asdasd.vcxproj -> c:\users\dit-983\documents\visual studio 2010\Projects\asdasd\Debug\asdasd.exe
       Manifest:
         C:\Program Files (x86)\Microsoft SDKs\Windows\v7.0A\bin\mt.exe /nologo /verbose /outputresource:"c:\users\dit-983\documents\visual studio 2010\Projects\asdasd\Debug\asdasd.exe;#1" /manifest Debug\asdasd.exe.intermediate.manifest
       FinalizeBuildStatus:
         "Debug\asdasd.unsuccessfulbuild" 파일을 삭제하고 있습니다.
         "Debug\asdasd.lastbuildstate"에 연결(touching)하고 있습니다.
     1>"c:\Users\DIT-983\documents\visual studio 2010\Projects\asdasd\asdasd\asdasd.vcxproj" 프로젝트를 빌드했습니다(build 대상).

빌드했습니다.

경과 시간: 00:00:01.29
