C:\USERS\DIT-983\DOCUMENTS\VISUAL STUDIO 2010\PROJECTS\KEYMOVE\DEBUG\KEYMOVE.EXE
C:\USERS\DIT-983\DOCUMENTS\VISUAL STUDIO 2010\PROJECTS\KEYMOVE\DEBUG\KEYMOVE.ILK
C:\USERS\DIT-983\DOCUMENTS\VISUAL STUDIO 2010\PROJECTS\KEYMOVE\DEBUG\KEYMOVE.PDB
c:\Users\DIT-983\documents\visual studio 2010\Projects\KeyMove\KeyMove\Debug\cl.command.1.tlog
c:\Users\DIT-983\documents\visual studio 2010\Projects\KeyMove\KeyMove\Debug\CL.read.1.tlog
c:\Users\DIT-983\documents\visual studio 2010\Projects\KeyMove\KeyMove\Debug\CL.write.1.tlog
C:\USERS\DIT-983\DOCUMENTS\VISUAL STUDIO 2010\PROJECTS\KEYMOVE\KEYMOVE\DEBUG\KEYMOVE.EXE.EMBED.MANIFEST
C:\USERS\DIT-983\DOCUMENTS\VISUAL STUDIO 2010\PROJECTS\KEYMOVE\KEYMOVE\DEBUG\KEYMOVE.EXE.EMBED.MANIFEST.RES
C:\USERS\DIT-983\DOCUMENTS\VISUAL STUDIO 2010\PROJECTS\KEYMOVE\KEYMOVE\DEBUG\KEYMOVE.EXE.INTERMEDIATE.MANIFEST
C:\USERS\DIT-983\DOCUMENTS\VISUAL STUDIO 2010\PROJECTS\KEYMOVE\KEYMOVE\DEBUG\KEYMOVE.OBJ
C:\USERS\DIT-983\DOCUMENTS\VISUAL STUDIO 2010\PROJECTS\KEYMOVE\KEYMOVE\DEBUG\KEYMOVE.PCH
C:\USERS\DIT-983\DOCUMENTS\VISUAL STUDIO 2010\PROJECTS\KEYMOVE\KEYMOVE\DEBUG\KEYMOVE.RES
c:\Users\DIT-983\documents\visual studio 2010\Projects\KeyMove\KeyMove\Debug\KeyMove.vcxprojResolveAssemblyReference.cache
c:\Users\DIT-983\documents\visual studio 2010\Projects\KeyMove\KeyMove\Debug\KeyMove.write.1.tlog
c:\Users\DIT-983\documents\visual studio 2010\Projects\KeyMove\KeyMove\Debug\KeyMove_manifest.rc
C:\USERS\DIT-983\DOCUMENTS\VISUAL STUDIO 2010\PROJECTS\KEYMOVE\KEYMOVE\DEBUG\KEYMOVEDOC.OBJ
C:\USERS\DIT-983\DOCUMENTS\VISUAL STUDIO 2010\PROJECTS\KEYMOVE\KEYMOVE\DEBUG\KEYMOVEVIEW.OBJ
c:\Users\DIT-983\documents\visual studio 2010\Projects\KeyMove\KeyMove\Debug\link.43064.read.1.tlog
c:\Users\DIT-983\documents\visual studio 2010\Projects\KeyMove\KeyMove\Debug\link.43064.write.1.tlog
c:\Users\DIT-983\documents\visual studio 2010\Projects\KeyMove\KeyMove\Debug\link.43064-cvtres.read.1.tlog
c:\Users\DIT-983\documents\visual studio 2010\Projects\KeyMove\KeyMove\Debug\link.43064-cvtres.write.1.tlog
c:\Users\DIT-983\documents\visual studio 2010\Projects\KeyMove\KeyMove\Debug\link.command.1.tlog
c:\Users\DIT-983\documents\visual studio 2010\Projects\KeyMove\KeyMove\Debug\link.read.1.tlog
c:\Users\DIT-983\documents\visual studio 2010\Projects\KeyMove\KeyMove\Debug\link.write.1.tlog
c:\Users\DIT-983\documents\visual studio 2010\Projects\KeyMove\KeyMove\Debug\link-cvtres.read.1.tlog
c:\Users\DIT-983\documents\visual studio 2010\Projects\KeyMove\KeyMove\Debug\link-cvtres.write.1.tlog
C:\USERS\DIT-983\DOCUMENTS\VISUAL STUDIO 2010\PROJECTS\KEYMOVE\KEYMOVE\DEBUG\MAINFRM.OBJ
c:\Users\DIT-983\documents\visual studio 2010\Projects\KeyMove\KeyMove\Debug\mt.command.1.tlog
c:\Users\DIT-983\documents\visual studio 2010\Projects\KeyMove\KeyMove\Debug\mt.read.1.tlog
c:\Users\DIT-983\documents\visual studio 2010\Projects\KeyMove\KeyMove\Debug\mt.write.1.tlog
c:\Users\DIT-983\documents\visual studio 2010\Projects\KeyMove\KeyMove\Debug\rc.command.1.tlog
c:\Users\DIT-983\documents\visual studio 2010\Projects\KeyMove\KeyMove\Debug\rc.read.1.tlog
c:\Users\DIT-983\documents\visual studio 2010\Projects\KeyMove\KeyMove\Debug\rc.write.1.tlog
C:\USERS\DIT-983\DOCUMENTS\VISUAL STUDIO 2010\PROJECTS\KEYMOVE\KEYMOVE\DEBUG\STDAFX.OBJ
c:\Users\DIT-983\documents\visual studio 2010\Projects\KeyMove\KeyMove\Debug\vc100.idb
C:\USERS\DIT-983\DOCUMENTS\VISUAL STUDIO 2010\PROJECTS\KEYMOVE\KEYMOVE\DEBUG\VC100.PDB
