빌드 시작: 2025-02-05 오후 4:12:34
     1>2 노드의 "c:\Users\DIT-983\documents\visual studio 2010\Projects\UserMsgDemo\UserMsgDemo\UserMsgDemo.vcxproj" 프로젝트(build 대상)입니다.
     1>InitializeBuildStatus:
         "Debug\UserMsgDemo.unsuccessfulbuild"에 연결(touching)하고 있습니다.
       ClCompile:
         모든 출력이 최신 상태입니다.
         C:\Program Files (x86)\Microsoft Visual Studio 10.0\VC\bin\CL.exe /c /ZI /nologo /W3 /WX- /Od /Oy- /D WIN32 /D _WINDOWS /D _DEBUG /D _UNICODE /D UNICODE /D _AFXDLL /Gm /EHsc /RTC1 /MDd /GS /fp:precise /Zc:wchar_t /Zc:forScope /Yu"StdAfx.h" /Fp"Debug\UserMsgDemo.pch" /Fo"Debug\\" /Fd"Debug\vc100.pdb" /Gd /TP /analyze- /errorReport:prompt MainFrm.cpp UserMsgDemo.cpp UserMsgDemoView.cpp
         UserMsgDemoView.cpp
         MainFrm.cpp
         코드를 생성하고 있습니다...
         건너뛰고 있습니다... (관련된 변경 내용 없음)
         UserMsgDemo.cpp
       ResourceCompile:
         C:\Program Files (x86)\Microsoft SDKs\Windows\v7.0A\bin\rc.exe /D _DEBUG /D _UNICODE /D UNICODE /D _AFXDLL /l"0x0412" /IDebug\ /nologo /fo"Debug\UserMsgDemo.res" UserMsgDemo.rc 
       ManifestResourceCompile:
         모든 출력이 최신 상태입니다.
       Link:
         C:\Program Files (x86)\Microsoft Visual Studio 10.0\VC\bin\link.exe /ERRORREPORT:PROMPT /OUT:"c:\users\dit-983\documents\visual studio 2010\Projects\UserMsgDemo\Debug\UserMsgDemo.exe" /INCREMENTAL /NOLOGO /MANIFEST /ManifestFile:"Debug\UserMsgDemo.exe.intermediate.manifest" /MANIFESTUAC:"level='asInvoker' uiAccess='false'" /DEBUG /PDB:"c:\users\dit-983\documents\visual studio 2010\Projects\UserMsgDemo\Debug\UserMsgDemo.pdb" /SUBSYSTEM:WINDOWS /TLBID:1 /ENTRY:"wWinMainCRTStartup" /DYNAMICBASE /NXCOMPAT /IMPLIB:"c:\users\dit-983\documents\visual studio 2010\Projects\UserMsgDemo\Debug\UserMsgDemo.lib" /MACHINE:X86 Debug\UserMsgDemo.res
         Debug\UserMsgDemo.exe.embed.manifest.res
         Debug\MainFrm.obj
         Debug\stdafx.obj
         Debug\UserMsgDemo.obj
         Debug\UserMsgDemoDoc.obj
         Debug\UserMsgDemoView.obj
       Manifest:
         C:\Program Files (x86)\Microsoft SDKs\Windows\v7.0A\bin\mt.exe /nologo /verbose /out:"Debug\UserMsgDemo.exe.embed.manifest" /manifest Debug\UserMsgDemo.exe.intermediate.manifest "C:\Program Files (x86)\Microsoft Visual Studio 10.0\VC\Include\Manifest\dpiaware.manifest"
         모든 출력이 최신 상태입니다.
       LinkEmbedManifest:
         모든 출력이 최신 상태입니다.
         UserMsgDemo.vcxproj -> c:\users\dit-983\documents\visual studio 2010\Projects\UserMsgDemo\Debug\UserMsgDemo.exe
       FinalizeBuildStatus:
         "Debug\UserMsgDemo.unsuccessfulbuild" 파일을 삭제하고 있습니다.
         "Debug\UserMsgDemo.lastbuildstate"에 연결(touching)하고 있습니다.
     1>"c:\Users\DIT-983\documents\visual studio 2010\Projects\UserMsgDemo\UserMsgDemo\UserMsgDemo.vcxproj" 프로젝트를 빌드했습니다(build 대상).

빌드했습니다.

경과 시간: 00:00:01.00
