빌드 시작: 2024-09-06 오후 3:22:58
     1>2 노드의 "c:\Users\DIT-983\documents\visual studio 2010\Projects\simple\simple\simple.vcxproj" 프로젝트(build 대상)입니다.
     1>InitializeBuildStatus:
         "Debug\simple.unsuccessfulbuild"에 연결(touching)하고 있습니다.
       ClCompile:
         모든 출력이 최신 상태입니다.
         C:\Program Files (x86)\Microsoft Visual Studio 10.0\VC\bin\CL.exe /c /ZI /nologo /W3 /WX- /Od /Oy- /D WIN32 /D _WINDOWS /D _DEBUG /D _UNICODE /D UNICODE /D _AFXDLL /Gm /EHsc /RTC1 /MDd /GS /fp:precise /Zc:wchar_t /Zc:forScope /Yu"StdAfx.h" /Fp"Debug\simple.pch" /Fo"Debug\\" /Fd"Debug\vc100.pdb" /Gd /TP /analyze- /errorReport:prompt simpleDlg.cpp
         simpleDlg.cpp
       ResourceCompile:
         C:\Program Files (x86)\Microsoft SDKs\Windows\v7.0A\bin\rc.exe /D _DEBUG /D _UNICODE /D UNICODE /D _AFXDLL /l"0x0412" /IDebug\ /nologo /fo"Debug\simple.res" simple.rc 
       ManifestResourceCompile:
         C:\Program Files (x86)\Microsoft SDKs\Windows\v7.0A\bin\rc.exe /nologo /fo"Debug\simple.exe.embed.manifest.res" Debug\simple_manifest.rc 
       Link:
         C:\Program Files (x86)\Microsoft Visual Studio 10.0\VC\bin\link.exe /ERRORREPORT:PROMPT /OUT:"c:\users\dit-983\documents\visual studio 2010\Projects\simple\Debug\simple.exe" /INCREMENTAL /NOLOGO /MANIFEST /ManifestFile:"Debug\simple.exe.intermediate.manifest" /MANIFESTUAC:"level='asInvoker' uiAccess='false'" /DEBUG /PDB:"c:\users\dit-983\documents\visual studio 2010\Projects\simple\Debug\simple.pdb" /SUBSYSTEM:WINDOWS /TLBID:1 /ENTRY:"wWinMainCRTStartup" /DYNAMICBASE /NXCOMPAT /IMPLIB:"c:\users\dit-983\documents\visual studio 2010\Projects\simple\Debug\simple.lib" /MACHINE:X86 Debug\simple.res
         Debug\simple.exe.embed.manifest.res
         Debug\simple.obj
         Debug\simpleDlg.obj
         Debug\stdafx.obj
       Manifest:
         C:\Program Files (x86)\Microsoft SDKs\Windows\v7.0A\bin\mt.exe /nologo /verbose /out:"Debug\simple.exe.embed.manifest" /manifest Debug\simple.exe.intermediate.manifest "C:\Program Files (x86)\Microsoft Visual Studio 10.0\VC\Include\Manifest\dpiaware.manifest"
         C:\Program Files (x86)\Microsoft SDKs\Windows\v7.0A\bin\rc.exe /nologo /fo"Debug\simple.exe.embed.manifest.res" Debug\simple_manifest.rc 
       LinkEmbedManifest:
         C:\Program Files (x86)\Microsoft Visual Studio 10.0\VC\bin\link.exe /ERRORREPORT:PROMPT /OUT:"c:\users\dit-983\documents\visual studio 2010\Projects\simple\Debug\simple.exe" /INCREMENTAL /NOLOGO /MANIFEST /ManifestFile:"Debug\simple.exe.intermediate.manifest" /MANIFESTUAC:"level='asInvoker' uiAccess='false'" /DEBUG /PDB:"c:\users\dit-983\documents\visual studio 2010\Projects\simple\Debug\simple.pdb" /SUBSYSTEM:WINDOWS /TLBID:1 /ENTRY:"wWinMainCRTStartup" /DYNAMICBASE /NXCOMPAT /IMPLIB:"c:\users\dit-983\documents\visual studio 2010\Projects\simple\Debug\simple.lib" /MACHINE:X86 Debug\simple.res
         Debug\simple.exe.embed.manifest.res
         Debug\simple.obj
         Debug\simpleDlg.obj
         Debug\stdafx.obj
         simple.vcxproj -> c:\users\dit-983\documents\visual studio 2010\Projects\simple\Debug\simple.exe
       FinalizeBuildStatus:
         "Debug\simple.unsuccessfulbuild" 파일을 삭제하고 있습니다.
         "Debug\simple.lastbuildstate"에 연결(touching)하고 있습니다.
     1>"c:\Users\DIT-983\documents\visual studio 2010\Projects\simple\simple\simple.vcxproj" 프로젝트를 빌드했습니다(build 대상).

빌드했습니다.

경과 시간: 00:00:00.91
