빌드 시작: 2025-01-23 오전 9:38:16
     1>2 노드의 "c:\Users\DIT-983\documents\visual studio 2010\Projects\RangeDemo\RangeDemo\RangeDemo.vcxproj" 프로젝트(build 대상)입니다.
     1>InitializeBuildStatus:
         "Debug\RangeDemo.unsuccessfulbuild"에 연결(touching)하고 있습니다.
       ClCompile:
         모든 출력이 최신 상태입니다.
         C:\Program Files (x86)\Microsoft Visual Studio 10.0\VC\bin\CL.exe /c /ZI /nologo /W3 /WX- /Od /Oy- /D WIN32 /D _WINDOWS /D _DEBUG /D _UNICODE /D UNICODE /D _AFXDLL /Gm /EHsc /RTC1 /MDd /GS /fp:precise /Zc:wchar_t /Zc:forScope /Yu"StdAfx.h" /Fp"Debug\RangeDemo.pch" /Fo"Debug\\" /Fd"Debug\vc100.pdb" /Gd /TP /analyze- /errorReport:prompt RangeDemoDlg.cpp
         RangeDemoDlg.cpp
       ResourceCompile:
         C:\Program Files (x86)\Microsoft SDKs\Windows\v7.0A\bin\rc.exe /D _DEBUG /D _UNICODE /D UNICODE /D _AFXDLL /l"0x0412" /IDebug\ /nologo /fo"Debug\RangeDemo.res" RangeDemo.rc 
       ManifestResourceCompile:
         모든 출력이 최신 상태입니다.
       Link:
         C:\Program Files (x86)\Microsoft Visual Studio 10.0\VC\bin\link.exe /ERRORREPORT:PROMPT /OUT:"c:\users\dit-983\documents\visual studio 2010\Projects\RangeDemo\Debug\RangeDemo.exe" /INCREMENTAL /NOLOGO /MANIFEST /ManifestFile:"Debug\RangeDemo.exe.intermediate.manifest" /MANIFESTUAC:"level='asInvoker' uiAccess='false'" /DEBUG /PDB:"c:\users\dit-983\documents\visual studio 2010\Projects\RangeDemo\Debug\RangeDemo.pdb" /SUBSYSTEM:WINDOWS /TLBID:1 /ENTRY:"wWinMainCRTStartup" /DYNAMICBASE /NXCOMPAT /IMPLIB:"c:\users\dit-983\documents\visual studio 2010\Projects\RangeDemo\Debug\RangeDemo.lib" /MACHINE:X86 Debug\RangeDemo.res
         Debug\RangeDemo.exe.embed.manifest.res
         Debug\RangeDemo.obj
         Debug\RangeDemoDlg.obj
         Debug\stdafx.obj
       Manifest:
         C:\Program Files (x86)\Microsoft SDKs\Windows\v7.0A\bin\mt.exe /nologo /verbose /out:"Debug\RangeDemo.exe.embed.manifest" /manifest Debug\RangeDemo.exe.intermediate.manifest "C:\Program Files (x86)\Microsoft Visual Studio 10.0\VC\Include\Manifest\dpiaware.manifest"
         모든 출력이 최신 상태입니다.
       LinkEmbedManifest:
         모든 출력이 최신 상태입니다.
         RangeDemo.vcxproj -> c:\users\dit-983\documents\visual studio 2010\Projects\RangeDemo\Debug\RangeDemo.exe
       FinalizeBuildStatus:
         "Debug\RangeDemo.unsuccessfulbuild" 파일을 삭제하고 있습니다.
         "Debug\RangeDemo.lastbuildstate"에 연결(touching)하고 있습니다.
     1>"c:\Users\DIT-983\documents\visual studio 2010\Projects\RangeDemo\RangeDemo\RangeDemo.vcxproj" 프로젝트를 빌드했습니다(build 대상).

빌드했습니다.

경과 시간: 00:00:00.61
