c:\Users\DIT-983\documents\visual studio 2010\Projects\CommandDemo\CommandDemo\Debug\cl.command.1.tlog
c:\Users\DIT-983\documents\visual studio 2010\Projects\CommandDemo\CommandDemo\Debug\CL.read.1.tlog
c:\Users\DIT-983\documents\visual studio 2010\Projects\CommandDemo\CommandDemo\Debug\CL.write.1.tlog
C:\USERS\DIT-983\DOCUMENTS\VISUAL STUDIO 2010\PROJECTS\COMMANDDEMO\COMMANDDEMO\DEBUG\COMMANDDEMO.EXE.EMBED.MANIFEST
C:\USERS\DIT-983\DOCUMENTS\VISUAL STUDIO 2010\PROJECTS\COMMANDDEMO\COMMANDDEMO\DEBUG\COMMANDDEMO.EXE.EMBED.MANIFEST.RES
C:\USERS\DIT-983\DOCUMENTS\VISUAL STUDIO 2010\PROJECTS\COMMANDDEMO\COMMANDDEMO\DEBUG\COMMANDDEMO.EXE.INTERMEDIATE.MANIFEST
C:\USERS\DIT-983\DOCUMENTS\VISUAL STUDIO 2010\PROJECTS\COMMANDDEMO\COMMANDDEMO\DEBUG\COMMANDDEMO.OBJ
C:\USERS\DIT-983\DOCUMENTS\VISUAL STUDIO 2010\PROJECTS\COMMANDDEMO\COMMANDDEMO\DEBUG\COMMANDDEMO.PCH
C:\USERS\DIT-983\DOCUMENTS\VISUAL STUDIO 2010\PROJECTS\COMMANDDEMO\COMMANDDEMO\DEBUG\COMMANDDEMO.RES
c:\Users\DIT-983\documents\visual studio 2010\Projects\CommandDemo\CommandDemo\Debug\CommandDemo.vcxprojResolveAssemblyReference.cache
c:\Users\DIT-983\documents\visual studio 2010\Projects\CommandDemo\CommandDemo\Debug\CommandDemo.write.1.tlog
c:\Users\DIT-983\documents\visual studio 2010\Projects\CommandDemo\CommandDemo\Debug\CommandDemo_manifest.rc
C:\USERS\DIT-983\DOCUMENTS\VISUAL STUDIO 2010\PROJECTS\COMMANDDEMO\COMMANDDEMO\DEBUG\COMMANDDEMODOC.OBJ
C:\USERS\DIT-983\DOCUMENTS\VISUAL STUDIO 2010\PROJECTS\COMMANDDEMO\COMMANDDEMO\DEBUG\COMMANDDEMOVIEW.OBJ
c:\Users\DIT-983\documents\visual studio 2010\Projects\CommandDemo\CommandDemo\Debug\link.command.1.tlog
c:\Users\DIT-983\documents\visual studio 2010\Projects\CommandDemo\CommandDemo\Debug\link.read.1.tlog
c:\Users\DIT-983\documents\visual studio 2010\Projects\CommandDemo\CommandDemo\Debug\link.write.1.tlog
c:\Users\DIT-983\documents\visual studio 2010\Projects\CommandDemo\CommandDemo\Debug\link-cvtres.read.1.tlog
c:\Users\DIT-983\documents\visual studio 2010\Projects\CommandDemo\CommandDemo\Debug\link-cvtres.write.1.tlog
C:\USERS\DIT-983\DOCUMENTS\VISUAL STUDIO 2010\PROJECTS\COMMANDDEMO\COMMANDDEMO\DEBUG\MAINFRM.OBJ
c:\Users\DIT-983\documents\visual studio 2010\Projects\CommandDemo\CommandDemo\Debug\mt.command.1.tlog
c:\Users\DIT-983\documents\visual studio 2010\Projects\CommandDemo\CommandDemo\Debug\mt.read.1.tlog
c:\Users\DIT-983\documents\visual studio 2010\Projects\CommandDemo\CommandDemo\Debug\mt.write.1.tlog
c:\Users\DIT-983\documents\visual studio 2010\Projects\CommandDemo\CommandDemo\Debug\rc.command.1.tlog
c:\Users\DIT-983\documents\visual studio 2010\Projects\CommandDemo\CommandDemo\Debug\rc.read.1.tlog
c:\Users\DIT-983\documents\visual studio 2010\Projects\CommandDemo\CommandDemo\Debug\rc.write.1.tlog
C:\USERS\DIT-983\DOCUMENTS\VISUAL STUDIO 2010\PROJECTS\COMMANDDEMO\COMMANDDEMO\DEBUG\STDAFX.OBJ
c:\Users\DIT-983\documents\visual studio 2010\Projects\CommandDemo\CommandDemo\Debug\vc100.idb
C:\USERS\DIT-983\DOCUMENTS\VISUAL STUDIO 2010\PROJECTS\COMMANDDEMO\COMMANDDEMO\DEBUG\VC100.PDB
C:\USERS\DIT-983\DOCUMENTS\VISUAL STUDIO 2010\PROJECTS\COMMANDDEMO\DEBUG\COMMANDDEMO.EXE
C:\USERS\DIT-983\DOCUMENTS\VISUAL STUDIO 2010\PROJECTS\COMMANDDEMO\DEBUG\COMMANDDEMO.ILK
C:\USERS\DIT-983\DOCUMENTS\VISUAL STUDIO 2010\PROJECTS\COMMANDDEMO\DEBUG\COMMANDDEMO.PDB
