빌드 시작: 2025-01-20 오후 7:09:22
     1>2 노드의 "c:\Users\DIT-983\documents\visual studio 2010\Projects\TextRgn\TextRgn\TextRgn.vcxproj" 프로젝트(build 대상)입니다.
     1>InitializeBuildStatus:
         "Debug\TextRgn.unsuccessfulbuild"에 연결(touching)하고 있습니다.
       ClCompile:
         모든 출력이 최신 상태입니다.
         C:\Program Files (x86)\Microsoft Visual Studio 10.0\VC\bin\CL.exe /c /ZI /nologo /W3 /WX- /Od /Oy- /D WIN32 /D _WINDOWS /D _DEBUG /D _UNICODE /D UNICODE /D _AFXDLL /Gm /EHsc /RTC1 /MDd /GS /fp:precise /Zc:wchar_t /Zc:forScope /Yu"StdAfx.h" /Fp"Debug\TextRgn.pch" /Fo"Debug\\" /Fd"Debug\vc100.pdb" /Gd /TP /analyze- /errorReport:prompt TextRgnView.cpp
         TextRgnView.cpp
       ResourceCompile:
         C:\Program Files (x86)\Microsoft SDKs\Windows\v7.0A\bin\rc.exe /D _DEBUG /D _UNICODE /D UNICODE /D _AFXDLL /l"0x0412" /IDebug\ /nologo /fo"Debug\TextRgn.res" TextRgn.rc 
       ManifestResourceCompile:
         C:\Program Files (x86)\Microsoft SDKs\Windows\v7.0A\bin\rc.exe /nologo /fo"Debug\TextRgn.exe.embed.manifest.res" Debug\TextRgn_manifest.rc 
       Link:
         C:\Program Files (x86)\Microsoft Visual Studio 10.0\VC\bin\link.exe /ERRORREPORT:PROMPT /OUT:"c:\users\dit-983\documents\visual studio 2010\Projects\TextRgn\Debug\TextRgn.exe" /INCREMENTAL /NOLOGO /MANIFEST /ManifestFile:"Debug\TextRgn.exe.intermediate.manifest" /MANIFESTUAC:"level='asInvoker' uiAccess='false'" /DEBUG /PDB:"c:\users\dit-983\documents\visual studio 2010\Projects\TextRgn\Debug\TextRgn.pdb" /SUBSYSTEM:WINDOWS /TLBID:1 /ENTRY:"wWinMainCRTStartup" /DYNAMICBASE /NXCOMPAT /IMPLIB:"c:\users\dit-983\documents\visual studio 2010\Projects\TextRgn\Debug\TextRgn.lib" /MACHINE:X86 Debug\TextRgn.res
         Debug\TextRgn.exe.embed.manifest.res
         Debug\MainFrm.obj
         Debug\stdafx.obj
         Debug\TextRgn.obj
         Debug\TextRgnDoc.obj
         Debug\TextRgnView.obj
       Manifest:
         C:\Program Files (x86)\Microsoft SDKs\Windows\v7.0A\bin\mt.exe /nologo /verbose /out:"Debug\TextRgn.exe.embed.manifest" /manifest Debug\TextRgn.exe.intermediate.manifest "C:\Program Files (x86)\Microsoft Visual Studio 10.0\VC\Include\Manifest\dpiaware.manifest"
         C:\Program Files (x86)\Microsoft SDKs\Windows\v7.0A\bin\rc.exe /nologo /fo"Debug\TextRgn.exe.embed.manifest.res" Debug\TextRgn_manifest.rc 
       LinkEmbedManifest:
         C:\Program Files (x86)\Microsoft Visual Studio 10.0\VC\bin\link.exe /ERRORREPORT:PROMPT /OUT:"c:\users\dit-983\documents\visual studio 2010\Projects\TextRgn\Debug\TextRgn.exe" /INCREMENTAL /NOLOGO /MANIFEST /ManifestFile:"Debug\TextRgn.exe.intermediate.manifest" /MANIFESTUAC:"level='asInvoker' uiAccess='false'" /DEBUG /PDB:"c:\users\dit-983\documents\visual studio 2010\Projects\TextRgn\Debug\TextRgn.pdb" /SUBSYSTEM:WINDOWS /TLBID:1 /ENTRY:"wWinMainCRTStartup" /DYNAMICBASE /NXCOMPAT /IMPLIB:"c:\users\dit-983\documents\visual studio 2010\Projects\TextRgn\Debug\TextRgn.lib" /MACHINE:X86 Debug\TextRgn.res
         Debug\TextRgn.exe.embed.manifest.res
         Debug\MainFrm.obj
         Debug\stdafx.obj
         Debug\TextRgn.obj
         Debug\TextRgnDoc.obj
         Debug\TextRgnView.obj
         TextRgn.vcxproj -> c:\users\dit-983\documents\visual studio 2010\Projects\TextRgn\Debug\TextRgn.exe
       FinalizeBuildStatus:
         "Debug\TextRgn.unsuccessfulbuild" 파일을 삭제하고 있습니다.
         "Debug\TextRgn.lastbuildstate"에 연결(touching)하고 있습니다.
     1>"c:\Users\DIT-983\documents\visual studio 2010\Projects\TextRgn\TextRgn\TextRgn.vcxproj" 프로젝트를 빌드했습니다(build 대상).

빌드했습니다.

경과 시간: 00:00:01.45
