빌드 시작: 2025-02-05 오후 8:35:56
     1>2 노드의 "c:\Users\DIT-983\documents\visual studio 2010\Projects\SubClassDemo\SubClassDemo\SubClassDemo.vcxproj" 프로젝트(build 대상)입니다.
     1>PrepareForBuild:
         "c:\users\dit-983\documents\visual studio 2010\Projects\SubClassDemo\Debug\" 디렉터리를 만들고 있습니다.
       InitializeBuildStatus:
         "AlwaysCreate"이(가) 지정되었기 때문에 "Debug\SubClassDemo.unsuccessfulbuild"을(를) 만들고 있습니다.
       ClCompile:
         C:\Program Files (x86)\Microsoft Visual Studio 10.0\VC\bin\CL.exe /c /ZI /nologo /W3 /WX- /Od /Oy- /D WIN32 /D _WINDOWS /D _DEBUG /D _UNICODE /D UNICODE /D _AFXDLL /Gm /EHsc /RTC1 /MDd /GS /fp:precise /Zc:wchar_t /Zc:forScope /Yc"StdAfx.h" /Fp"Debug\SubClassDemo.pch" /Fo"Debug\\" /Fd"Debug\vc100.pdb" /Gd /TP /analyze- /errorReport:prompt stdafx.cpp
         stdafx.cpp
         C:\Program Files (x86)\Microsoft Visual Studio 10.0\VC\bin\CL.exe /c /ZI /nologo /W3 /WX- /Od /Oy- /D WIN32 /D _WINDOWS /D _DEBUG /D _UNICODE /D UNICODE /D _AFXDLL /Gm /EHsc /RTC1 /MDd /GS /fp:precise /Zc:wchar_t /Zc:forScope /Yu"StdAfx.h" /Fp"Debug\SubClassDemo.pch" /Fo"Debug\\" /Fd"Debug\vc100.pdb" /Gd /TP /analyze- /errorReport:prompt SubClassDemo.cpp SubClassDemoDlg.cpp
         SubClassDemoDlg.cpp
         SubClassDemo.cpp
         코드를 생성하고 있습니다...
       ResourceCompile:
         C:\Program Files (x86)\Microsoft SDKs\Windows\v7.0A\bin\rc.exe /D _DEBUG /D _UNICODE /D UNICODE /D _AFXDLL /l"0x0412" /IDebug\ /nologo /fo"Debug\SubClassDemo.res" SubClassDemo.rc 
       ManifestResourceCompile:
         C:\Program Files (x86)\Microsoft SDKs\Windows\v7.0A\bin\rc.exe /nologo /fo"Debug\SubClassDemo.exe.embed.manifest.res" Debug\SubClassDemo_manifest.rc 
       Link:
         C:\Program Files (x86)\Microsoft Visual Studio 10.0\VC\bin\link.exe /ERRORREPORT:PROMPT /OUT:"c:\users\dit-983\documents\visual studio 2010\Projects\SubClassDemo\Debug\SubClassDemo.exe" /INCREMENTAL /NOLOGO /MANIFEST /ManifestFile:"Debug\SubClassDemo.exe.intermediate.manifest" /MANIFESTUAC:"level='asInvoker' uiAccess='false'" /DEBUG /PDB:"c:\users\dit-983\documents\visual studio 2010\Projects\SubClassDemo\Debug\SubClassDemo.pdb" /SUBSYSTEM:WINDOWS /TLBID:1 /ENTRY:"wWinMainCRTStartup" /DYNAMICBASE /NXCOMPAT /IMPLIB:"c:\users\dit-983\documents\visual studio 2010\Projects\SubClassDemo\Debug\SubClassDemo.lib" /MACHINE:X86 Debug\SubClassDemo.res
         Debug\SubClassDemo.exe.embed.manifest.res
         Debug\stdafx.obj
         Debug\SubClassDemo.obj
         Debug\SubClassDemoDlg.obj
       Manifest:
         C:\Program Files (x86)\Microsoft SDKs\Windows\v7.0A\bin\mt.exe /nologo /verbose /out:"Debug\SubClassDemo.exe.embed.manifest" /manifest Debug\SubClassDemo.exe.intermediate.manifest "C:\Program Files (x86)\Microsoft Visual Studio 10.0\VC\Include\Manifest\dpiaware.manifest"
         C:\Program Files (x86)\Microsoft SDKs\Windows\v7.0A\bin\rc.exe /nologo /fo"Debug\SubClassDemo.exe.embed.manifest.res" Debug\SubClassDemo_manifest.rc 
       LinkEmbedManifest:
         C:\Program Files (x86)\Microsoft Visual Studio 10.0\VC\bin\link.exe /ERRORREPORT:PROMPT /OUT:"c:\users\dit-983\documents\visual studio 2010\Projects\SubClassDemo\Debug\SubClassDemo.exe" /INCREMENTAL /NOLOGO /MANIFEST /ManifestFile:"Debug\SubClassDemo.exe.intermediate.manifest" /MANIFESTUAC:"level='asInvoker' uiAccess='false'" /DEBUG /PDB:"c:\users\dit-983\documents\visual studio 2010\Projects\SubClassDemo\Debug\SubClassDemo.pdb" /SUBSYSTEM:WINDOWS /TLBID:1 /ENTRY:"wWinMainCRTStartup" /DYNAMICBASE /NXCOMPAT /IMPLIB:"c:\users\dit-983\documents\visual studio 2010\Projects\SubClassDemo\Debug\SubClassDemo.lib" /MACHINE:X86 Debug\SubClassDemo.res
         Debug\SubClassDemo.exe.embed.manifest.res
         Debug\stdafx.obj
         Debug\SubClassDemo.obj
         Debug\SubClassDemoDlg.obj
         SubClassDemo.vcxproj -> c:\users\dit-983\documents\visual studio 2010\Projects\SubClassDemo\Debug\SubClassDemo.exe
       FinalizeBuildStatus:
         "Debug\SubClassDemo.unsuccessfulbuild" 파일을 삭제하고 있습니다.
         "Debug\SubClassDemo.lastbuildstate"에 연결(touching)하고 있습니다.
     1>"c:\Users\DIT-983\documents\visual studio 2010\Projects\SubClassDemo\SubClassDemo\SubClassDemo.vcxproj" 프로젝트를 빌드했습니다(build 대상).

빌드했습니다.

경과 시간: 00:00:06.72
