빌드 시작: 2025-02-04 오후 3:27:49
     1>2 노드의 "c:\Users\DIT-983\documents\visual studio 2010\Projects\StaticSpitDemo\StaticSpitDemo\StaticSpitDemo.vcxproj" 프로젝트(build 대상)입니다.
     1>InitializeBuildStatus:
         "AlwaysCreate"이(가) 지정되었기 때문에 "Debug\StaticSpitDemo.unsuccessfulbuild"을(를) 만들고 있습니다.
       ClCompile:
         모든 출력이 최신 상태입니다.
         C:\Program Files (x86)\Microsoft Visual Studio 10.0\VC\bin\CL.exe /c /ZI /nologo /W3 /WX- /Od /Oy- /D WIN32 /D _WINDOWS /D _DEBUG /D _UNICODE /D UNICODE /D _AFXDLL /Gm /EHsc /RTC1 /MDd /GS /fp:precise /Zc:wchar_t /Zc:forScope /Yu"StdAfx.h" /Fp"Debug\StaticSpitDemo.pch" /Fo"Debug\\" /Fd"Debug\vc100.pdb" /Gd /TP /analyze- /errorReport:prompt MainFrm.cpp
         MainFrm.cpp
       ResourceCompile:
         모든 출력이 최신 상태입니다.
       ManifestResourceCompile:
         모든 출력이 최신 상태입니다.
       Link:
         C:\Program Files (x86)\Microsoft Visual Studio 10.0\VC\bin\link.exe /ERRORREPORT:PROMPT /OUT:"c:\users\dit-983\documents\visual studio 2010\Projects\StaticSpitDemo\Debug\StaticSpitDemo.exe" /INCREMENTAL /NOLOGO /MANIFEST /ManifestFile:"Debug\StaticSpitDemo.exe.intermediate.manifest" /MANIFESTUAC:"level='asInvoker' uiAccess='false'" /DEBUG /PDB:"c:\users\dit-983\documents\visual studio 2010\Projects\StaticSpitDemo\Debug\StaticSpitDemo.pdb" /SUBSYSTEM:WINDOWS /TLBID:1 /ENTRY:"wWinMainCRTStartup" /DYNAMICBASE /NXCOMPAT /IMPLIB:"c:\users\dit-983\documents\visual studio 2010\Projects\StaticSpitDemo\Debug\StaticSpitDemo.lib" /MACHINE:X86 Debug\StaticSpitDemo.res
         Debug\StaticSpitDemo.exe.embed.manifest.res
         Debug\BottomEditView.obj
         Debug\LeftListView.obj
         Debug\MainFrm.obj
         Debug\StaticSpitDemo.obj
         Debug\StaticSpitDemoDoc.obj
         Debug\StaticSpitDemoView.obj
         Debug\stdafx.obj
         Debug\TopHtmlView.obj
       Manifest:
         C:\Program Files (x86)\Microsoft SDKs\Windows\v7.0A\bin\mt.exe /nologo /verbose /out:"Debug\StaticSpitDemo.exe.embed.manifest" /manifest Debug\StaticSpitDemo.exe.intermediate.manifest "C:\Program Files (x86)\Microsoft Visual Studio 10.0\VC\Include\Manifest\dpiaware.manifest"
         모든 출력이 최신 상태입니다.
       LinkEmbedManifest:
         모든 출력이 최신 상태입니다.
         StaticSpitDemo.vcxproj -> c:\users\dit-983\documents\visual studio 2010\Projects\StaticSpitDemo\Debug\StaticSpitDemo.exe
       FinalizeBuildStatus:
         "Debug\StaticSpitDemo.unsuccessfulbuild" 파일을 삭제하고 있습니다.
         "Debug\StaticSpitDemo.lastbuildstate"에 연결(touching)하고 있습니다.
     1>"c:\Users\DIT-983\documents\visual studio 2010\Projects\StaticSpitDemo\StaticSpitDemo\StaticSpitDemo.vcxproj" 프로젝트를 빌드했습니다(build 대상).

빌드했습니다.

경과 시간: 00:00:00.52
